<div>

    <article>
        <h1>simple title</h1>
        <p>this is beautiful text</p>
        <div>
            
                <div>
                    <h2>picture01</h2>
                    <ul>
                        
                            <li>http://www.example.com/24x24</li>
                        
                            <li>http://www.example.com/48x48</li>
                        
                    </ul>
                </div>
            
                <div>
                    <h2>picture02</h2>
                    <ul>
                        
                            <li>http://www.example.com/36x36</li>
                        
                            <li>http://www.example.com/48x48</li>
                        
                    </ul>
                </div>
            
        </div>
    </article>

    <article>
        <h1>this is second title</h1>
        <p>beautiful description for second acrticle</p>
        <div>
            
                <div>
                    <h2>pic01</h2>
                    <ul>
                        
                            <li>http://www.example.com/128x128</li>
                        
                            <li>http://www.example.com/256x256</li>
                        
                    </ul>
                </div>
            
                <div>
                    <h2>pic02</h2>
                    <ul>
                        
                            <li>http://www.example.com/1x1</li>
                        
                            <li>http://www.example.com/512x512</li>
                        
                    </ul>
                </div>
            
                <div>
                    <h2>pic03</h2>
                    <ul>
                        
                            <li>http://www.example.com/512x512</li>
                        
                    </ul>
                </div>
            
        </div>
    </article>

</div>

